mode: atomic
okra_board2/services/PostService.go:55.15,59.2 1 1
okra_board2/services/PostService.go:61.68,63.2 1 5
okra_board2/services/PostService.go:65.69,67.2 1 0
okra_board2/services/PostService.go:69.62,71.2 1 5
okra_board2/services/PostService.go:73.92,74.16 1 0
okra_board2/services/PostService.go:79.5,79.11 1 0
okra_board2/services/PostService.go:74.16,76.6 1 0
okra_board2/services/PostService.go:76.11,78.6 1 0
okra_board2/services/PostService.go:87.36,88.16 1 0
okra_board2/services/PostService.go:93.5,93.11 1 0
okra_board2/services/PostService.go:88.16,90.6 1 0
okra_board2/services/PostService.go:90.11,92.6 1 0
okra_board2/services/PostService.go:96.82,98.2 1 1
okra_board2/services/PostService.go:100.73,102.29 2 2
okra_board2/services/PostService.go:107.5,107.29 1 2
okra_board2/services/PostService.go:110.5,110.50 1 1
okra_board2/services/PostService.go:102.29,103.44 1 7
okra_board2/services/PostService.go:103.44,105.10 1 1
okra_board2/services/PostService.go:107.29,109.6 1 1
okra_board2/services/AdminService.go:42.79,44.2 1 2
okra_board2/services/AdminService.go:47.55,49.77 2 12
okra_board2/services/AdminService.go:56.5,56.16 1 9
okra_board2/services/AdminService.go:49.77,51.6 1 9
okra_board2/services/AdminService.go:51.11,51.54 1 3
okra_board2/services/AdminService.go:51.54,53.6 1 0
okra_board2/services/AdminService.go:53.11,55.6 1 3
okra_board2/services/AdminService.go:60.55,69.21 3 13
okra_board2/services/AdminService.go:72.5,72.29 1 13
okra_board2/services/AdminService.go:85.5,85.69 1 13
okra_board2/services/AdminService.go:90.5,90.16 1 9
okra_board2/services/AdminService.go:69.21,71.6 1 4
okra_board2/services/AdminService.go:72.29,73.16 1 53
okra_board2/services/AdminService.go:74.36,75.28 1 4
okra_board2/services/AdminService.go:76.36,77.28 1 16
okra_board2/services/AdminService.go:78.37,79.29 1 25
okra_board2/services/AdminService.go:80.62,81.30 1 8
okra_board2/services/AdminService.go:85.69,87.6 1 4
okra_board2/services/AdminService.go:87.11,89.6 1 9
okra_board2/services/AdminService.go:94.59,96.69 2 13
okra_board2/services/AdminService.go:101.5,101.16 1 9
okra_board2/services/AdminService.go:96.69,98.6 1 9
okra_board2/services/AdminService.go:98.11,100.6 1 4
okra_board2/services/AdminService.go:105.61,108.119 2 13
okra_board2/services/AdminService.go:115.5,115.16 1 9
okra_board2/services/AdminService.go:108.119,110.6 1 9
okra_board2/services/AdminService.go:110.11,110.60 1 4
okra_board2/services/AdminService.go:110.60,112.6 1 0
okra_board2/services/AdminService.go:112.11,114.6 1 4
okra_board2/services/AdminService.go:119.61,121.82 2 12
okra_board2/services/AdminService.go:128.5,128.16 1 9
okra_board2/services/AdminService.go:121.82,123.6 1 9
okra_board2/services/AdminService.go:123.11,123.60 1 3
okra_board2/services/AdminService.go:123.60,125.6 1 0
okra_board2/services/AdminService.go:125.11,127.6 1 3
okra_board2/services/AdminService.go:133.101,142.2 2 12
okra_board2/services/AdminService.go:146.110,150.43 4 1
okra_board2/services/AdminService.go:155.5,156.43 2 1
okra_board2/services/AdminService.go:161.5,161.29 1 1
okra_board2/services/AdminService.go:150.43,152.6 1 0
okra_board2/services/AdminService.go:152.11,154.6 1 1
okra_board2/services/AdminService.go:156.43,158.6 1 1
okra_board2/services/AdminService.go:158.11,160.6 1 0
okra_board2/services/AdminService.go:164.60,167.19 3 2
okra_board2/services/AdminService.go:171.5,171.78 1 2
okra_board2/services/AdminService.go:167.19,170.6 2 0
okra_board2/services/AdminService.go:174.96,176.22 2 12
okra_board2/services/AdminService.go:182.5,182.25 1 10
okra_board2/services/AdminService.go:176.22,177.62 1 2
okra_board2/services/AdminService.go:180.9,180.25 1 2
okra_board2/services/AdminService.go:177.62,179.10 1 0
okra_board2/services/AdminService.go:185.94,187.22 2 1
okra_board2/services/AdminService.go:193.5,193.25 1 0
okra_board2/services/AdminService.go:187.22,188.62 1 1
okra_board2/services/AdminService.go:191.9,191.25 1 1
okra_board2/services/AdminService.go:188.62,190.10 1 0
okra_board2/services/AdminService.go:196.71,198.2 1 2
okra_board2/services/AdminService.go:200.59,202.2 1 2
okra_board2/services/AuthService.go:42.75,44.2 1 1
okra_board2/services/AuthService.go:46.81,61.19 10 1
okra_board2/services/AuthService.go:65.5,71.19 7 1
okra_board2/services/AuthService.go:74.5,75.19 2 1
okra_board2/services/AuthService.go:78.5,78.26 1 1
okra_board2/services/AuthService.go:61.19,63.6 1 0
okra_board2/services/AuthService.go:71.19,73.6 1 0
okra_board2/services/AuthService.go:75.19,77.6 1 0
okra_board2/services/AuthService.go:81.78,89.19 8 1
okra_board2/services/AuthService.go:92.5,92.69 1 1
okra_board2/services/AuthService.go:95.5,95.22 1 1
okra_board2/services/AuthService.go:89.19,91.6 1 0
okra_board2/services/AuthService.go:92.69,94.6 1 0
okra_board2/services/AuthService.go:98.74,100.19 2 3
okra_board2/services/AuthService.go:103.5,107.19 4 3
okra_board2/services/AuthService.go:111.5,111.68 1 3
okra_board2/services/AuthService.go:100.19,102.6 1 0
okra_board2/services/AuthService.go:107.19,109.6 1 0
okra_board2/services/AuthService.go:111.68,113.6 1 2
okra_board2/services/AuthService.go:113.11,115.6 1 1
okra_board2/services/AuthService.go:118.82,120.62 2 2
okra_board2/services/AuthService.go:126.5,127.23 2 2
okra_board2/services/AuthService.go:120.62,121.51 1 2
okra_board2/services/AuthService.go:124.9,124.55 1 2
okra_board2/services/AuthService.go:121.51,123.10 1 0
okra_board2/services/AuthService.go:130.83,132.62 2 4
okra_board2/services/AuthService.go:138.5,139.23 2 4
okra_board2/services/AuthService.go:132.62,133.51 1 4
okra_board2/services/AuthService.go:136.9,136.56 1 4
okra_board2/services/AuthService.go:133.51,135.10 1 0
okra_board2/services/AuthService.go:142.62,144.2 1 0
